<?xml version="1.0" encoding="utf-8"?><testsuites><testsuite name="pytest" errors="0" failures="0" skipped="0" tests="6" time="0.038" timestamp="2024-06-30T14:53:34.817125" hostname="DESKTOP-ETVF1RC"><testcase classname="tests.test_bytebank.TestClass" name="test_quando_idade_recebe_13_03_2000_deve_retornar_22" time="0.001" /><testcase classname="tests.test_bytebank.TestClass" name="test_quando_sobrenome_recebe_Lucas_Carvalho_deve_retornar_Carvalho" time="0.000" /><testcase classname="tests.test_bytebank.TestClass" name="test_quando_decrescimo_salario_recebe_100000_deve_retornar_90000" time="0.000" /><testcase classname="tests.test_bytebank.TestClass" name="test_quando_calcular_bonus_recebe_1000_deve_retornar_100" time="0.000" /><testcase classname="tests.test_bytebank.TestClass" name="test_quando_calcular_bonus_recebe_100000000_deve_retornar_exception" time="0.000" /><testcase classname="tests.test_bytebank.TestClass" name="test_nome" time="0.000" /></testsuite></testsuites>